[2012-11-02 08:21:30] request.ERROR: Symfony\Component\HttpKernel\Exception\NotFoundHttpException: No route found for "GET /" (uncaught exception) at /home/pushparaj/projects/jobeet/vendor/symfony/symfony/src/Symfony/Component/HttpKernel/EventListener/RouterListener.php line 92 [] []
[2012-11-02 08:49:08] request.ERROR: Symfony\Component\HttpKernel\Exception\NotFoundHttpException: No route found for "GET /hello" (uncaught exception) at /home/pushparaj/projects/jobeet/vendor/symfony/symfony/src/Symfony/Component/HttpKernel/EventListener/RouterListener.php line 92 [] []
[2012-11-02 14:30:54] request.ERROR: Symfony\Component\HttpKernel\Exception\NotFoundHttpException: No route found for "GET /jobeet" (uncaught exception) at /home/pushparaj/projects/jobeet/app/cache/prod/classes.php line 5176 [] []
[2012-11-02 14:30:59] request.ERROR: Symfony\Component\HttpKernel\Exception\NotFoundHttpException: No route found for "GET /" (uncaught exception) at /home/pushparaj/projects/jobeet/app/cache/prod/classes.php line 5176 [] []
[2012-11-06 08:29:13] request.ERROR: Symfony\Component\HttpKernel\Exception\NotFoundHttpException: No route found for "GET /" (uncaught exception) at /home/pushparaj/projects/jobeet/app/cache/prod/classes.php line 5176 [] []
[2012-11-06 12:25:42] request.ERROR: Symfony\Component\HttpKernel\Exception\NotFoundHttpException: No route found for "GET /jobs/" (uncaught exception) at /home/pushparaj/projects/jobeet/vendor/symfony/symfony/src/Symfony/Component/HttpKernel/EventListener/RouterListener.php line 92 [] []
[2012-11-07 08:02:04] request.ERROR: Symfony\Component\HttpKernel\Exception\NotFoundHttpException: No route found for "GET /" (uncaught exception) at /home/pushparaj/projects/jobeet/app/cache/prod/classes.php line 5176 [] []
[2012-11-07 08:41:06] request.ERROR: Symfony\Component\HttpKernel\Exception\NotFoundHttpException: No route found for "GET //job/4/show" (uncaught exception) at /home/pushparaj/projects/jobeet/app/cache/prod/classes.php line 5176 [] []
[2012-11-07 10:59:10] request.ERROR: Symfony\Component\HttpKernel\Exception\NotFoundHttpException: No route found for "GET /uploads/jobs/extreme-sensio.gif" (uncaught exception) at /home/pushparaj/projects/jobeet/app/cache/prod/classes.php line 5176 [] []
[2012-11-07 11:09:15] request.ERROR: Symfony\Component\HttpKernel\Exception\NotFoundHttpException: No route found for "GET /uploads/jobs/extreme-sensio.gif" (uncaught exception) at /home/pushparaj/projects/jobeet/app/cache/prod/classes.php line 5176 [] []
[2012-11-07 11:11:45] request.ERROR: Symfony\Component\HttpKernel\Exception\NotFoundHttpException: No route found for "GET /uploads/jobs/extreme-sensio.gif" (uncaught exception) at /home/pushparaj/projects/jobeet/app/cache/prod/classes.php line 5176 [] []
[2012-11-07 11:11:57] request.ERROR: Symfony\Component\HttpKernel\Exception\NotFoundHttpException: No route found for "GET /uploads/jobs/extreme-sensio.gif" (uncaught exception) at /home/pushparaj/projects/jobeet/app/cache/prod/classes.php line 5176 [] []
[2012-11-07 11:18:20] request.ERROR: Symfony\Component\HttpKernel\Exception\NotFoundHttpException: No route found for "GET /uploads/jobs/extreme-sensio.gif" (uncaught exception) at /home/pushparaj/projects/jobeet/app/cache/prod/classes.php line 5176 [] []
[2012-11-07 11:19:45] request.ERROR: Symfony\Component\HttpKernel\Exception\NotFoundHttpException: No route found for "GET /uploads/jobs/extreme-sensio.gif" (uncaught exception) at /home/pushparaj/projects/jobeet/app/cache/prod/classes.php line 5176 [] []
[2012-11-07 11:19:46] request.ERROR: Symfony\Component\HttpKernel\Exception\NotFoundHttpException: No route found for "GET /uploads/jobs/extreme-sensio.gif" (uncaught exception) at /home/pushparaj/projects/jobeet/app/cache/prod/classes.php line 5176 [] []
[2012-11-07 11:19:46] request.ERROR: Symfony\Component\HttpKernel\Exception\NotFoundHttpException: No route found for "GET /uploads/jobs/extreme-sensio.gif" (uncaught exception) at /home/pushparaj/projects/jobeet/app/cache/prod/classes.php line 5176 [] []
[2012-11-07 11:19:48] request.ERROR: Symfony\Component\HttpKernel\Exception\NotFoundHttpException: No route found for "GET /uploads/jobs/extreme-sensio.gif" (uncaught exception) at /home/pushparaj/projects/jobeet/app/cache/prod/classes.php line 5176 [] []
[2012-11-07 11:19:53] request.ERROR: Symfony\Component\HttpKernel\Exception\NotFoundHttpException: No route found for "GET /uploads/jobs/extreme-sensio.gif" (uncaught exception) at /home/pushparaj/projects/jobeet/app/cache/prod/classes.php line 5176 [] []
[2012-11-07 11:34:26] request.ERROR: Symfony\Component\HttpKernel\Exception\NotFoundHttpException: No route found for "GET //job/6/show" (uncaught exception) at /home/pushparaj/projects/jobeet/app/cache/prod/classes.php line 5176 [] []
[2012-11-07 11:34:29] request.INFO: Matched route "push_job_show" (parameters: "_controller": "Push\JobeetBundle\Controller\JobController::showAction", "id": "6", "_route": "push_job_show") [] []
[2012-11-07 11:34:29] request.ERROR: Symfony\Component\HttpKernel\Exception\NotFoundHttpException: Unable to find Job entity. (uncaught exception) at /home/pushparaj/projects/jobeet/vendor/symfony/symfony/src/Symfony/Bundle/FrameworkBundle/Controller/Controller.php line 142 [] []
[2012-11-07 12:24:59] request.ERROR: Symfony\Component\HttpKernel\Exception\NotFoundHttpException: No route found for "GET /uploads/jobs/extreme-sensio.gif" (uncaught exception) at /home/pushparaj/projects/jobeet/app/cache/prod/classes.php line 5176 [] []
[2012-11-07 12:25:02] request.INFO: Matched route "push_job_show" (parameters: "_controller": "Push\JobeetBundle\Controller\JobController::showAction", "id": "6", "_route": "push_job_show") [] []
[2012-11-07 12:25:02] request.ERROR: Symfony\Component\HttpKernel\Exception\NotFoundHttpException: Unable to find Job entity. (uncaught exception) at /home/pushparaj/projects/jobeet/vendor/symfony/symfony/src/Symfony/Bundle/FrameworkBundle/Controller/Controller.php line 142 [] []
[2012-11-07 12:28:12] request.ERROR: Symfony\Component\HttpKernel\Exception\NotFoundHttpException: No route found for "GET /hello" (uncaught exception) at /home/pushparaj/projects/jobeet/app/cache/prod/classes.php line 5176 [] []
[2012-11-07 12:28:15] request.ERROR: Symfony\Component\HttpKernel\Exception\NotFoundHttpException: No route found for "GET /hello/" (uncaught exception) at /home/pushparaj/projects/jobeet/app/cache/prod/classes.php line 5176 [] []
[2012-11-07 12:38:57] request.ERROR: Symfony\Component\HttpKernel\Exception\NotFoundHttpException: No route found for "GET /" (uncaught exception) at /home/pushparaj/projects/jobeet/vendor/symfony/symfony/src/Symfony/Component/HttpKernel/EventListener/RouterListener.php line 92 [] []
[2012-11-07 12:41:12] request.ERROR: Symfony\Component\HttpKernel\Exception\NotFoundHttpException: No route found for "GET /uploads/jobs/extreme-sensio.gif" (uncaught exception) at /home/pushparaj/projects/jobeet/app/cache/prod/classes.php line 5176 [] []
[2012-11-07 12:42:04] request.ERROR: Symfony\Component\HttpKernel\Exception\NotFoundHttpException: No route found for "GET /uploads/jobs/extreme-sensio.gif" (uncaught exception) at /home/pushparaj/projects/jobeet/app/cache/prod/classes.php line 5176 [] []
[2012-11-07 13:43:11] request.ERROR: Symfony\Component\HttpKernel\Exception\NotFoundHttpException: No route found for "GET /uploads/jobs/extreme-sensio.gif" (uncaught exception) at /home/pushparaj/projects/jobeet/app/cache/prod/classes.php line 5176 [] []
[2012-11-07 14:03:25] request.ERROR: Symfony\Component\HttpKernel\Exception\NotFoundHttpException: No route found for "GET /uploads/jobs/extreme-sensio.gif" (uncaught exception) at /home/pushparaj/projects/jobeet/app/cache/prod/classes.php line 5176 [] []
[2012-11-07 14:03:26] request.ERROR: Symfony\Component\HttpKernel\Exception\NotFoundHttpException: No route found for "GET /uploads/jobs/extreme-sensio.gif" (uncaught exception) at /home/pushparaj/projects/jobeet/app/cache/prod/classes.php line 5176 [] []
[2012-11-07 14:03:26] request.ERROR: Symfony\Component\HttpKernel\Exception\NotFoundHttpException: No route found for "GET /uploads/jobs/extreme-sensio.gif" (uncaught exception) at /home/pushparaj/projects/jobeet/app/cache/prod/classes.php line 5176 [] []
[2012-11-07 14:03:26] request.ERROR: Symfony\Component\HttpKernel\Exception\NotFoundHttpException: No route found for "GET /uploads/jobs/extreme-sensio.gif" (uncaught exception) at /home/pushparaj/projects/jobeet/app/cache/prod/classes.php line 5176 [] []
[2012-11-07 14:03:33] request.ERROR: Symfony\Component\HttpKernel\Exception\NotFoundHttpException: No route found for "GET /uploads/jobs/extreme-sensio.gif" (uncaught exception) at /home/pushparaj/projects/jobeet/app/cache/prod/classes.php line 5176 [] []
[2012-11-07 14:03:34] request.ERROR: Symfony\Component\HttpKernel\Exception\NotFoundHttpException: No route found for "GET /uploads/jobs/extreme-sensio.gif" (uncaught exception) at /home/pushparaj/projects/jobeet/app/cache/prod/classes.php line 5176 [] []
[2012-11-07 14:03:35] request.ERROR: Symfony\Component\HttpKernel\Exception\NotFoundHttpException: No route found for "GET /uploads/jobs/extreme-sensio.gif" (uncaught exception) at /home/pushparaj/projects/jobeet/app/cache/prod/classes.php line 5176 [] []
[2012-11-07 14:03:35] request.ERROR: Symfony\Component\HttpKernel\Exception\NotFoundHttpException: No route found for "GET /uploads/jobs/extreme-sensio.gif" (uncaught exception) at /home/pushparaj/projects/jobeet/app/cache/prod/classes.php line 5176 [] []
[2012-11-07 14:03:35] request.ERROR: Symfony\Component\HttpKernel\Exception\NotFoundHttpException: No route found for "GET /uploads/jobs/extreme-sensio.gif" (uncaught exception) at /home/pushparaj/projects/jobeet/app/cache/prod/classes.php line 5176 [] []
[2012-11-07 14:03:35] request.ERROR: Symfony\Component\HttpKernel\Exception\NotFoundHttpException: No route found for "GET /uploads/jobs/extreme-sensio.gif" (uncaught exception) at /home/pushparaj/projects/jobeet/app/cache/prod/classes.php line 5176 [] []
[2012-11-07 14:04:12] request.ERROR: Symfony\Component\HttpKernel\Exception\NotFoundHttpException: No route found for "GET /uploads/jobs/extreme-sensio.gif" (uncaught exception) at /home/pushparaj/projects/jobeet/app/cache/prod/classes.php line 5176 [] []
[2012-11-07 14:04:13] request.ERROR: Symfony\Component\HttpKernel\Exception\NotFoundHttpException: No route found for "GET /uploads/jobs/extreme-sensio.gif" (uncaught exception) at /home/pushparaj/projects/jobeet/app/cache/prod/classes.php line 5176 [] []
[2012-11-07 14:04:21] request.ERROR: Symfony\Component\HttpKernel\Exception\NotFoundHttpException: No route found for "GET /uploads/jobs/extreme-sensio.gif" (uncaught exception) at /home/pushparaj/projects/jobeet/app/cache/prod/classes.php line 5176 [] []
[2012-11-07 14:04:31] request.ERROR: Symfony\Component\HttpKernel\Exception\NotFoundHttpException: No route found for "GET /uploads/jobs/extreme-sensio.gif" (uncaught exception) at /home/pushparaj/projects/jobeet/app/cache/prod/classes.php line 5176 [] []
[2012-11-07 14:06:53] request.ERROR: Symfony\Component\HttpKernel\Exception\NotFoundHttpException: No route found for "GET /uploads/jobs/extreme-sensio.gif" (uncaught exception) at /home/pushparaj/projects/jobeet/app/cache/prod/classes.php line 5176 [] []
[2012-11-07 14:07:04] request.ERROR: Symfony\Component\HttpKernel\Exception\NotFoundHttpException: No route found for "GET /uploads/jobs/extreme-sensio.gif" (uncaught exception) at /home/pushparaj/projects/jobeet/app/cache/prod/classes.php line 5176 [] []
[2012-11-07 14:09:31] request.ERROR: Symfony\Component\HttpKernel\Exception\NotFoundHttpException: No route found for "GET /uploads/jobs/extreme-sensio.gif" (uncaught exception) at /home/pushparaj/projects/jobeet/app/cache/prod/classes.php line 5176 [] []
[2012-11-07 14:09:33] request.ERROR: Symfony\Component\HttpKernel\Exception\NotFoundHttpException: No route found for "GET /uploads/jobs/extreme-sensio.gif" (uncaught exception) at /home/pushparaj/projects/jobeet/app/cache/prod/classes.php line 5176 [] []
[2012-11-07 14:09:37] request.ERROR: Symfony\Component\HttpKernel\Exception\NotFoundHttpException: No route found for "GET /uploads/jobs/extreme-sensio.gif" (uncaught exception) at /home/pushparaj/projects/jobeet/app/cache/prod/classes.php line 5176 [] []
[2012-11-07 14:24:05] request.ERROR: Symfony\Component\HttpKernel\Exception\NotFoundHttpException: No route found for "GET /uploads/jobs/extreme-sensio.gif" (uncaught exception) at /home/pushparaj/projects/jobeet/app/cache/prod/classes.php line 5176 [] []
[2012-11-07 14:24:07] request.ERROR: Symfony\Component\HttpKernel\Exception\NotFoundHttpException: No route found for "GET /uploads/jobs/extreme-sensio.gif" (uncaught exception) at /home/pushparaj/projects/jobeet/app/cache/prod/classes.php line 5176 [] []
[2012-11-07 14:24:07] request.ERROR: Symfony\Component\HttpKernel\Exception\NotFoundHttpException: No route found for "GET /uploads/jobs/extreme-sensio.gif" (uncaught exception) at /home/pushparaj/projects/jobeet/app/cache/prod/classes.php line 5176 [] []
[2012-11-07 14:24:33] request.ERROR: Symfony\Component\HttpKernel\Exception\NotFoundHttpException: No route found for "GET /uploads/jobs/extreme-sensio.gif" (uncaught exception) at /home/pushparaj/projects/jobeet/app/cache/prod/classes.php line 5176 [] []
[2012-11-07 14:37:41] request.ERROR: Symfony\Component\HttpKernel\Exception\NotFoundHttpException: No route found for "GET /uploads/jobs/extreme-sensio.gif" (uncaught exception) at /home/pushparaj/projects/jobeet/app/cache/prod/classes.php line 5176 [] []
[2012-11-07 14:37:42] request.ERROR: Symfony\Component\HttpKernel\Exception\NotFoundHttpException: No route found for "GET /uploads/jobs/extreme-sensio.gif" (uncaught exception) at /home/pushparaj/projects/jobeet/app/cache/prod/classes.php line 5176 [] []
[2012-11-07 14:37:42] request.ERROR: Symfony\Component\HttpKernel\Exception\NotFoundHttpException: No route found for "GET /uploads/jobs/extreme-sensio.gif" (uncaught exception) at /home/pushparaj/projects/jobeet/app/cache/prod/classes.php line 5176 [] []
[2012-11-07 14:37:47] request.INFO: Matched route "PushJobeetBundle_job_default" (parameters: "_controller": "Push\JobeetBundle\Controller\JobController::indexAction", "_route": "PushJobeetBundle_job_default") [] []
[2012-11-07 14:37:47] request.CRITICAL: Doctrine\ORM\ORMException: Unknown Entity namespace alias 'EnsJobeetBundle'. (uncaught exception) at /home/pushparaj/projects/jobeet/vendor/doctrine/orm/lib/Doctrine/ORM/ORMException.php line 148 [] []
[2012-11-07 14:37:49] request.INFO: Matched route "PushJobeetBundle_job_default" (parameters: "_controller": "Push\JobeetBundle\Controller\JobController::indexAction", "_route": "PushJobeetBundle_job_default") [] []
[2012-11-07 14:37:49] request.CRITICAL: Doctrine\ORM\ORMException: Unknown Entity namespace alias 'EnsJobeetBundle'. (uncaught exception) at /home/pushparaj/projects/jobeet/vendor/doctrine/orm/lib/Doctrine/ORM/ORMException.php line 148 [] []
[2012-11-07 14:48:57] request.INFO: Matched route "push_job_create" (parameters: "_controller": "Push\JobeetBundle\Controller\JobController::createAction", "_route": "push_job_create") [] []
[2012-11-07 14:48:58] request.CRITICAL: Symfony\Component\Routing\Exception\MissingMandatoryParametersException: The "push_job_show" route has some missing mandatory parameters ("company", "location", "position"). (uncaught exception) at /home/pushparaj/projects/jobeet/app/cache/prod/classes.php line 1120 [] []
[2012-11-07 14:52:35] request.INFO: Matched route "push_job_create" (parameters: "_controller": "Push\JobeetBundle\Controller\JobController::createAction", "_route": "push_job_create") [] []
[2012-11-07 14:52:36] request.CRITICAL: Doctrine\DBAL\DBALException: An exception occurred while executing 'INSERT INTO job (type, company, logo, url, position, location, description, how_to_apply, token, is_public, is_activated, email, expires_at, created_at, updated_at, category_id) VALUES (?, ?, ?, ?, ?, ?, ?, ?, ?, ?, ?, ?, ?, ?, ?, ?)' with params {"1":"Test","2":"Test","3":null,"4":null,"5":"Tester","6":"Test","7":"Testing Testing","8":"by proper testing","9":"testest","10":1,"11":1,"12":"test@tester.com","13":"2012-12-10 02:02:00","14":"2011-04-05 04:04:00","15":"2010-03-04 02:03:00","16":12}:

SQLSTATE[23000]: Integrity constraint violation: 1062 Duplicate entry 'testest' for key 'UNIQ_FBD8E0F85F37A13B' (uncaught exception) at /home/pushparaj/projects/jobeet/vendor/doctrine/dbal/lib/Doctrine/DBAL/DBALException.php line 47 [] []
[2012-11-07 14:52:46] request.INFO: Matched route "push_job_create" (parameters: "_controller": "Push\JobeetBundle\Controller\JobController::createAction", "_route": "push_job_create") [] []
[2012-11-07 14:52:47] request.CRITICAL: Doctrine\DBAL\DBALException: An exception occurred while executing 'INSERT INTO job (type, company, logo, url, position, location, description, how_to_apply, token, is_public, is_activated, email, expires_at, created_at, updated_at, category_id) VALUES (?, ?, ?, ?, ?, ?, ?, ?, ?, ?, ?, ?, ?, ?, ?, ?)' with params {"1":"Test","2":"Test","3":null,"4":null,"5":"Tester","6":"Test","7":"Testing Testing","8":"by proper testing","9":"testest","10":1,"11":1,"12":"test@tester.com","13":"2012-12-10 02:02:00","14":"2011-04-05 04:04:00","15":"2010-03-04 02:03:00","16":12}:

SQLSTATE[23000]: Integrity constraint violation: 1062 Duplicate entry 'testest' for key 'UNIQ_FBD8E0F85F37A13B' (uncaught exception) at /home/pushparaj/projects/jobeet/vendor/doctrine/dbal/lib/Doctrine/DBAL/DBALException.php line 47 [] []
[2012-11-07 14:53:57] request.ERROR: Symfony\Component\HttpKernel\Exception\NotFoundHttpException: No route found for "GET /uploads/jobs/extreme-sensio.gif" (uncaught exception) at /home/pushparaj/projects/jobeet/app/cache/prod/classes.php line 5176 [] []
[2012-11-07 15:12:26] request.ERROR: Symfony\Component\HttpKernel\Exception\NotFoundHttpException: No route found for "GET /uploads/jobs/extreme-sensio.gif" (uncaught exception) at /home/pushparaj/projects/jobeet/app/cache/prod/classes.php line 5176 [] []
[2012-11-07 15:12:26] request.ERROR: Symfony\Component\HttpKernel\Exception\NotFoundHttpException: No route found for "GET /uploads/jobs/extreme-sensio.gif" (uncaught exception) at /home/pushparaj/projects/jobeet/app/cache/prod/classes.php line 5176 [] []
[2012-11-07 15:18:36] request.ERROR: Symfony\Component\HttpKernel\Exception\NotFoundHttpException: No route found for "GET /uploads/jobs/extreme-sensio.gif" (uncaught exception) at /home/pushparaj/projects/jobeet/app/cache/prod/classes.php line 5176 [] []
[2012-11-07 15:33:02] request.ERROR: Symfony\Component\HttpKernel\Exception\NotFoundHttpException: No route found for "GET /uploads/jobs/extreme-sensio.gif" (uncaught exception) at /home/pushparaj/projects/jobeet/app/cache/prod/classes.php line 5176 [] []
[2012-11-07 15:33:11] request.ERROR: Symfony\Component\HttpKernel\Exception\NotFoundHttpException: No route found for "GET /uploads/jobs/extreme-sensio.gif" (uncaught exception) at /home/pushparaj/projects/jobeet/app/cache/prod/classes.php line 5176 [] []
[2012-11-07 15:33:24] request.ERROR: Symfony\Component\HttpKernel\Exception\NotFoundHttpException: No route found for "GET /uploads/jobs/extreme-sensio.gif" (uncaught exception) at /home/pushparaj/projects/jobeet/app/cache/prod/classes.php line 5176 [] []
[2012-11-07 15:33:43] request.ERROR: Symfony\Component\HttpKernel\Exception\NotFoundHttpException: No route found for "GET /uploads/jobs/extreme-sensio.gif" (uncaught exception) at /home/pushparaj/projects/jobeet/app/cache/prod/classes.php line 5176 [] []
[2012-11-08 09:59:13] request.ERROR: Symfony\Component\HttpKernel\Exception\NotFoundHttpException: No route found for "GET /job/6" (uncaught exception) at /home/pushparaj/projects/jobeet/app/cache/prod/classes.php line 5176 [] []
[2012-11-08 09:59:26] request.INFO: Matched route "push_job_edit" (parameters: "_controller": "Push\JobeetBundle\Controller\JobController::editAction", "id": "7", "_route": "push_job_edit") [] []
[2012-11-08 09:59:26] request.ERROR: Symfony\Component\HttpKernel\Exception\NotFoundHttpException: Unable to find Job entity. (uncaught exception) at /home/pushparaj/projects/jobeet/vendor/symfony/symfony/src/Symfony/Bundle/FrameworkBundle/Controller/Controller.php line 142 [] []
[2012-11-08 11:06:37] request.ERROR: Symfony\Component\HttpKernel\Exception\NotFoundHttpException: No route found for "GET /uploads/jobs/sensio-labs.gif" (uncaught exception) at /home/pushparaj/projects/jobeet/app/cache/prod/classes.php line 5176 [] []
[2012-11-08 11:50:36] request.INFO: Matched route "push_job" (parameters: "_controller": "Push\JobeetBundle\Controller\JobController::indexAction", "_route": "push_job") [] []
[2012-11-08 11:50:36] request.CRITICAL: Doctrine\ORM\ORMException: Unknown Entity namespace alias 'EnsJobeetBundle'. (uncaught exception) at /home/pushparaj/projects/jobeet/vendor/doctrine/orm/lib/Doctrine/ORM/ORMException.php line 148 [] []
[2012-11-08 11:51:03] request.INFO: Matched route "push_job" (parameters: "_controller": "Push\JobeetBundle\Controller\JobController::indexAction", "_route": "push_job") [] []
[2012-11-08 11:51:03] request.CRITICAL: Doctrine\ORM\ORMException: Unknown Entity namespace alias 'EnsJobeetBundle'. (uncaught exception) at /home/pushparaj/projects/jobeet/vendor/doctrine/orm/lib/Doctrine/ORM/ORMException.php line 148 [] []
[2012-11-08 11:51:04] request.INFO: Matched route "push_job" (parameters: "_controller": "Push\JobeetBundle\Controller\JobController::indexAction", "_route": "push_job") [] []
[2012-11-08 11:51:04] request.CRITICAL: Doctrine\ORM\ORMException: Unknown Entity namespace alias 'EnsJobeetBundle'. (uncaught exception) at /home/pushparaj/projects/jobeet/vendor/doctrine/orm/lib/Doctrine/ORM/ORMException.php line 148 [] []
[2012-11-08 12:14:45] request.ERROR: Symfony\Component\HttpKernel\Exception\NotFoundHttpException: No route found for "GET /uploads/jobs/sensio-labs.gif" (uncaught exception) at /home/pushparaj/projects/jobeet/vendor/symfony/symfony/src/Symfony/Component/HttpKernel/EventListener/RouterListener.php line 92 [] []
[2012-11-08 12:23:34] request.ERROR: Symfony\Component\HttpKernel\Exception\NotFoundHttpException: No route found for "GET /uploads/jobs/sensio-labs.gif" (uncaught exception) at /home/pushparaj/projects/jobeet/app/cache/prod/classes.php line 5176 [] []
[2012-11-08 12:23:42] request.ERROR: Symfony\Component\HttpKernel\Exception\NotFoundHttpException: No route found for "GET /uploads/jobs/sensio-labs.gif" (uncaught exception) at /home/pushparaj/projects/jobeet/vendor/symfony/symfony/src/Symfony/Component/HttpKernel/EventListener/RouterListener.php line 92 [] []
[2012-11-08 12:23:43] request.ERROR: Symfony\Component\HttpKernel\Exception\NotFoundHttpException: No route found for "GET /uploads/jobs/sensio-labs.gif" (uncaught exception) at /home/pushparaj/projects/jobeet/app/cache/prod/classes.php line 5176 [] []
[2012-11-08 12:23:43] request.ERROR: Symfony\Component\HttpKernel\Exception\NotFoundHttpException: No route found for "GET /uploads/jobs/sensio-labs.gif" (uncaught exception) at /home/pushparaj/projects/jobeet/app/cache/prod/classes.php line 5176 [] []
[2012-11-08 12:23:43] request.ERROR: Symfony\Component\HttpKernel\Exception\NotFoundHttpException: No route found for "GET /uploads/jobs/sensio-labs.gif" (uncaught exception) at /home/pushparaj/projects/jobeet/app/cache/prod/classes.php line 5176 [] []
[2012-11-08 12:23:44] request.ERROR: Symfony\Component\HttpKernel\Exception\NotFoundHttpException: No route found for "GET /uploads/jobs/sensio-labs.gif" (uncaught exception) at /home/pushparaj/projects/jobeet/app/cache/prod/classes.php line 5176 [] []
[2012-11-08 12:23:44] request.ERROR: Symfony\Component\HttpKernel\Exception\NotFoundHttpException: No route found for "GET /uploads/jobs/sensio-labs.gif" (uncaught exception) at /home/pushparaj/projects/jobeet/app/cache/prod/classes.php line 5176 [] []
[2012-11-08 12:23:45] request.ERROR: Symfony\Component\HttpKernel\Exception\NotFoundHttpException: No route found for "GET /uploads/jobs/sensio-labs.gif" (uncaught exception) at /home/pushparaj/projects/jobeet/app/cache/prod/classes.php line 5176 [] []
[2012-11-08 14:51:56] request.ERROR: Symfony\Component\HttpKernel\Exception\NotFoundHttpException: No route found for "GET /job/sensio-labs/paris-france/51" (uncaught exception) at /home/pushparaj/projects/jobeet/app/cache/prod/classes.php line 5176 [] []
